[debug] [2021-05-25T14:24:35.016Z] ----------------------------------------------------------------------
[debug] [2021-05-25T14:24:35.018Z] Command:       C:\Program Files\nodejs\node.exe C:\Users\risha\AppData\Roaming\npm\node_modules\firebase-tools\lib\bin\firebase.js deploy
[debug] [2021-05-25T14:24:35.019Z] CLI Version:   9.11.0
[debug] [2021-05-25T14:24:35.019Z] Platform:      win32
[debug] [2021-05-25T14:24:35.019Z] Node Version:  v14.16.1
[debug] [2021-05-25T14:24:35.020Z] Time:          Tue May 25 2021 19:54:35 GMT+0530 (India Standard Time)
[debug] [2021-05-25T14:24:35.020Z] ----------------------------------------------------------------------
[debug] 
[debug] [2021-05-25T14:24:35.028Z] > command requires scopes: ["email","openid","https://www.googleapis.com/auth/cloudplatformprojects.readonly","https://www.googleapis.com/auth/firebase","https://www.googleapis.com/auth/cloud-platform"]
[debug] [2021-05-25T14:24:35.028Z] > authorizing via signed-in user (rishavchanda0@gmail.com)
[debug] [2021-05-25T14:24:35.028Z] [iam] checking project rishav-chanda for permissions ["firebase.projects.get","firebasehosting.sites.update"]
[debug] [2021-05-25T14:24:35.030Z] > refreshing access token with scopes: ["email","https://www.googleapis.com/auth/cloud-platform","https://www.googleapis.com/auth/cloudplatformprojects.readonly","https://www.googleapis.com/auth/firebase","openid"]
[debug] [2021-05-25T14:24:35.031Z] >>> HTTP REQUEST POST https://www.googleapis.com/oauth2/v3/token  
 <request body omitted>
[debug] [2021-05-25T14:24:36.010Z] <<< HTTP RESPONSE 200 {"pragma":"no-cache","date":"Tue, 25 May 2021 14:24:54 GMT","cache-control":"no-cache, no-store, max-age=0, must-revalidate","expires":"Mon, 01 Jan 1990 00:00:00 GMT","content-type":"application/json; charset=utf-8","vary":"X-Origin, Referer, Origin,Accept-Encoding","server":"scaffolding on HTTPServer2","x-xss-protection":"0","x-frame-options":"SAMEORIGIN","x-content-type-options":"nosniff","alt-svc":"h3-29=\":443\"; ma=2592000,h3-T051=\":443\"; ma=2592000,h3-Q050=\":443\"; ma=2592000,h3-Q046=\":443\"; ma=2592000,h3-Q043=\":443\"; ma=2592000,quic=\":443\"; ma=2592000; v=\"46,43\"","accept-ranges":"none","transfer-encoding":"chunked"}
[debug] [2021-05-25T14:24:36.045Z] >>> HTTP REQUEST POST https://cloudresourcemanager.googleapis.com/v1/projects/rishav-chanda:testIamPermissions  
 {"permissions":["firebase.projects.get","firebasehosting.sites.update"]}
[debug] [2021-05-25T14:24:38.215Z] <<< HTTP RESPONSE 200 {"content-type":"application/json; charset=UTF-8","vary":"X-Origin, Referer, Origin,Accept-Encoding","date":"Tue, 25 May 2021 14:24:56 GMT","server":"ESF","cache-control":"private","x-xss-protection":"0","x-frame-options":"SAMEORIGIN","x-content-type-options":"nosniff","server-timing":"gfet4t7; dur=1200","alt-svc":"h3-29=\":443\"; ma=2592000,h3-T051=\":443\"; ma=2592000,h3-Q050=\":443\"; ma=2592000,h3-Q046=\":443\"; ma=2592000,h3-Q043=\":443\"; ma=2592000,quic=\":443\"; ma=2592000; v=\"46,43\"","accept-ranges":"none","transfer-encoding":"chunked"}
[debug] [2021-05-25T14:24:38.223Z] > refreshing access token with scopes: []
[debug] [2021-05-25T14:24:38.224Z] >>> HTTP REQUEST POST https://www.googleapis.com/oauth2/v3/token  
 <request body omitted>
[debug] [2021-05-25T14:24:39.105Z] <<< HTTP RESPONSE 200 {"cache-control":"no-cache, no-store, max-age=0, must-revalidate","date":"Tue, 25 May 2021 14:24:57 GMT","expires":"Mon, 01 Jan 1990 00:00:00 GMT","pragma":"no-cache","content-type":"application/json; charset=utf-8","vary":"X-Origin, Referer, Origin,Accept-Encoding","server":"scaffolding on HTTPServer2","x-xss-protection":"0","x-frame-options":"SAMEORIGIN","x-content-type-options":"nosniff","alt-svc":"h3-29=\":443\"; ma=2592000,h3-T051=\":443\"; ma=2592000,h3-Q050=\":443\"; ma=2592000,h3-Q046=\":443\"; ma=2592000,h3-Q043=\":443\"; ma=2592000,quic=\":443\"; ma=2592000; v=\"46,43\"","accept-ranges":"none","transfer-encoding":"chunked"}
[debug] [2021-05-25T14:24:39.174Z] >>> [apiv2][query] GET https://firebase.googleapis.com/v1beta1/projects/rishav-chanda [none]
[debug] [2021-05-25T14:24:40.321Z] <<< [apiv2][status] GET https://firebase.googleapis.com/v1beta1/projects/rishav-chanda 200
[debug] [2021-05-25T14:24:40.322Z] <<< [apiv2][body] GET https://firebase.googleapis.com/v1beta1/projects/rishav-chanda {"projectId":"rishav-chanda","projectNumber":"1029178354393","displayName":"youtube-webapp","name":"projects/rishav-chanda","resources":{"hostingSite":"rishav-chanda"},"state":"ACTIVE"}
[info] 
[info] === Deploying to 'rishav-chanda'...
[info] 
[info] i  deploying hosting 
[debug] [2021-05-25T14:24:40.341Z] > refreshing access token with scopes: ["email","https://www.googleapis.com/auth/cloud-platform","https://www.googleapis.com/auth/cloudplatformprojects.readonly","https://www.googleapis.com/auth/firebase","openid"]
[debug] [2021-05-25T14:24:40.342Z] >>> HTTP REQUEST POST https://www.googleapis.com/oauth2/v3/token  
 <request body omitted>
[debug] [2021-05-25T14:24:41.268Z] <<< HTTP RESPONSE 200 {"cache-control":"no-cache, no-store, max-age=0, must-revalidate","expires":"Mon, 01 Jan 1990 00:00:00 GMT","date":"Tue, 25 May 2021 14:24:59 GMT","pragma":"no-cache","content-type":"application/json; charset=utf-8","vary":"X-Origin, Referer, Origin,Accept-Encoding","server":"scaffolding on HTTPServer2","x-xss-protection":"0","x-frame-options":"SAMEORIGIN","x-content-type-options":"nosniff","alt-svc":"h3-29=\":443\"; ma=2592000,h3-T051=\":443\"; ma=2592000,h3-Q050=\":443\"; ma=2592000,h3-Q046=\":443\"; ma=2592000,h3-Q043=\":443\"; ma=2592000,quic=\":443\"; ma=2592000; v=\"46,43\"","accept-ranges":"none","transfer-encoding":"chunked"}
[debug] [2021-05-25T14:24:41.316Z] >>> HTTP REQUEST POST https://firebasehosting.googleapis.com/v1beta1/sites/rishav-chanda/versions  
 {"config":{"rewrites":[{"glob":"**","path":"/index.html"}]},"labels":{"deployment-tool":"cli-firebase"}}
[debug] [2021-05-25T14:24:43.955Z] <<< HTTP RESPONSE 200 {"content-type":"application/json; charset=UTF-8","vary":"X-Origin, Referer, Origin,Accept-Encoding","date":"Tue, 25 May 2021 14:25:02 GMT","server":"ESF","cache-control":"private","x-xss-protection":"0","x-frame-options":"SAMEORIGIN","x-content-type-options":"nosniff","alt-svc":"h3-29=\":443\"; ma=2592000,h3-T051=\":443\"; ma=2592000,h3-Q050=\":443\"; ma=2592000,h3-Q046=\":443\"; ma=2592000,h3-Q043=\":443\"; ma=2592000,quic=\":443\"; ma=2592000; v=\"46,43\"","accept-ranges":"none","transfer-encoding":"chunked"}
[info] i  hosting[rishav-chanda]: beginning deploy... 
[info] i  hosting[rishav-chanda]: found 16 files in build 
[debug] [2021-05-25T14:24:43.992Z] > refreshing access token with scopes: []
[debug] [2021-05-25T14:24:43.992Z] >>> HTTP REQUEST POST https://www.googleapis.com/oauth2/v3/token  
 <request body omitted>
[debug] [2021-05-25T14:24:43.995Z] [hosting] hash cache [YnVpbGQ] stored for 16 files
[debug] [2021-05-25T14:24:43.995Z] [hosting][hash queue][FINAL] {"max":3,"min":1,"avg":1,"active":0,"complete":16,"success":16,"errored":0,"retried":0,"total":16,"elapsed":7}
[debug] [2021-05-25T14:24:44.898Z] <<< HTTP RESPONSE 200 {"date":"Tue, 25 May 2021 14:25:03 GMT","expires":"Mon, 01 Jan 1990 00:00:00 GMT","pragma":"no-cache","cache-control":"no-cache, no-store, max-age=0, must-revalidate","content-type":"application/json; charset=utf-8","vary":"X-Origin, Referer, Origin,Accept-Encoding","server":"scaffolding on HTTPServer2","x-xss-protection":"0","x-frame-options":"SAMEORIGIN","x-content-type-options":"nosniff","alt-svc":"h3-29=\":443\"; ma=2592000,h3-T051=\":443\"; ma=2592000,h3-Q050=\":443\"; ma=2592000,h3-Q046=\":443\"; ma=2592000,h3-Q043=\":443\"; ma=2592000,quic=\":443\"; ma=2592000; v=\"46,43\"","accept-ranges":"none","transfer-encoding":"chunked"}
[debug] [2021-05-25T14:24:44.953Z] >>> [apiv2][query] POST https://firebasehosting.googleapis.com/v1beta1/sites/rishav-chanda/versions/5f62da31ac018dd2:populateFiles [none]
[debug] [2021-05-25T14:24:44.954Z] >>> [apiv2][body] POST https://firebasehosting.googleapis.com/v1beta1/sites/rishav-chanda/versions/5f62da31ac018dd2:populateFiles {"files":{"/asset-manifest.json":"e09dfc283828aac2c59b938da404a44428d746250e7a769e162c88d5d6b96464","/index.html":"0c1873cb096e9c215102b676234660c9b368737b9771c00196fd98d58756debe","/static/css/2.4c97ca4f.chunk.css":"7e6538a6f0fc738a788c03a9cee1861c42fe2f29017e5026cb867636b24dcf77","/static/css/2.4c97ca4f.chunk.css.map":"a70eaab29a7c2121a70e08850c01f71611bdc0c137e6a4b349704641c33af035","/static/css/main.d584ffb5.chunk.css":"31d61502e60708c41b9a4ce986d8abb2852c2ea8cf2ae287e45ce9b59f9cf9f7","/static/css/main.d584ffb5.chunk.css.map":"6214b8f13cd900cf171f773cf4939dc573efdd59e6461097819c6e8e6ac20e2d","/static/js/2.fab59832.chunk.js":"6f644efdbd483ea576083984812ae0e750036826aa51f929961a1a86cffb540e","/static/js/2.fab59832.chunk.js.LICENSE.txt":"aa0da10178f1846a6d56f8ec89aed8a275479ee97019aa29e2624f848a1987b5","/static/js/2.fab59832.chunk.js.map":"e7210cf95f9104c1183dcc3755af94c9b422b1766d372583acbb9031fd0a1501","/static/js/main.c13669e5.chunk.js":"0ea806b2956147c48e4216db6d579cf1d3cf86107da1156b565e5382efbb5008","/static/js/main.c13669e5.chunk.js.map":"61e5e83530292f126bbe63b3167e32568f3c562ab0ea32ab771b0e7588490f6a","/static/js/runtime-main.32852105.js":"e7d38d3439bcfcc3068c8b3ad35cc054d6e3481e1daab9df90c3045e8972df4c","/static/js/runtime-main.32852105.js.map":"f710ec5e6279ba82c5d21912caadb38206af4182a8b9d426e8d1f06ab7e65aaa","/static/media/contact.d113bc42.gif":"3dbd90aeae81c206ac2972803a4257a3c43ca21318c2963b9834649697c69b86","/static/media/Login.18e2891a.gif":"8573c7f97a83ca513dd83f2f3e818a461c2063987d13daa90fe27bf7a61bb5df","/static/media/singUp.8d1e3bc5.gif":"1460f28f156822d3b7caf95e9dc5483aabe3c2d9b0d3b99f1e79959788652c0e"}}
[debug] [2021-05-25T14:24:47.289Z] <<< [apiv2][status] POST https://firebasehosting.googleapis.com/v1beta1/sites/rishav-chanda/versions/5f62da31ac018dd2:populateFiles 200
[debug] [2021-05-25T14:24:47.290Z] <<< [apiv2][body] POST https://firebasehosting.googleapis.com/v1beta1/sites/rishav-chanda/versions/5f62da31ac018dd2:populateFiles {"uploadRequiredHashes":["3dbd90aeae81c206ac2972803a4257a3c43ca21318c2963b9834649697c69b86","8573c7f97a83ca513dd83f2f3e818a461c2063987d13daa90fe27bf7a61bb5df"],"uploadUrl":"https://upload-firebasehosting.googleapis.com/upload/sites/rishav-chanda/versions/5f62da31ac018dd2/files"}
[debug] [2021-05-25T14:24:47.295Z] >>> [apiv2][query] POST https://upload-firebasehosting.googleapis.com/upload/sites/rishav-chanda/versions/5f62da31ac018dd2/files/3dbd90aeae81c206ac2972803a4257a3c43ca21318c2963b9834649697c69b86 [none]
[debug] [2021-05-25T14:24:47.295Z] >>> [apiv2][body] POST https://upload-firebasehosting.googleapis.com/upload/sites/rishav-chanda/versions/5f62da31ac018dd2/files/3dbd90aeae81c206ac2972803a4257a3c43ca21318c2963b9834649697c69b86 [stream]
[debug] [2021-05-25T14:24:47.298Z] >>> [apiv2][query] POST https://upload-firebasehosting.googleapis.com/upload/sites/rishav-chanda/versions/5f62da31ac018dd2/files/8573c7f97a83ca513dd83f2f3e818a461c2063987d13daa90fe27bf7a61bb5df [none]
[debug] [2021-05-25T14:24:47.299Z] >>> [apiv2][body] POST https://upload-firebasehosting.googleapis.com/upload/sites/rishav-chanda/versions/5f62da31ac018dd2/files/8573c7f97a83ca513dd83f2f3e818a461c2063987d13daa90fe27bf7a61bb5df [stream]
[debug] [2021-05-25T14:24:47.302Z] [hosting][populate queue][FINAL] {"max":3303,"min":3303,"avg":3303,"active":0,"complete":1,"success":1,"errored":0,"retried":0,"total":1,"elapsed":3310}
[debug] [2021-05-25T14:24:47.302Z] [hosting] uploads queued: 2
[debug] [2021-05-25T14:25:17.712Z] [uploadQueue] Retrying task 3dbd90aeae81c206ac2972803a4257a3c43ca21318c2963b9834649697c69b86
[debug] [2021-05-25T14:25:17.715Z] >>> [apiv2][query] POST https://upload-firebasehosting.googleapis.com/upload/sites/rishav-chanda/versions/5f62da31ac018dd2/files/3dbd90aeae81c206ac2972803a4257a3c43ca21318c2963b9834649697c69b86 [none]
[debug] [2021-05-25T14:25:17.715Z] >>> [apiv2][body] POST https://upload-firebasehosting.googleapis.com/upload/sites/rishav-chanda/versions/5f62da31ac018dd2/files/3dbd90aeae81c206ac2972803a4257a3c43ca21318c2963b9834649697c69b86 [stream]
[debug] [2021-05-25T14:25:24.416Z] [uploadQueue] Retrying task 8573c7f97a83ca513dd83f2f3e818a461c2063987d13daa90fe27bf7a61bb5df
[debug] [2021-05-25T14:25:24.417Z] >>> [apiv2][query] POST https://upload-firebasehosting.googleapis.com/upload/sites/rishav-chanda/versions/5f62da31ac018dd2/files/8573c7f97a83ca513dd83f2f3e818a461c2063987d13daa90fe27bf7a61bb5df [none]
[debug] [2021-05-25T14:25:24.417Z] >>> [apiv2][body] POST https://upload-firebasehosting.googleapis.com/upload/sites/rishav-chanda/versions/5f62da31ac018dd2/files/8573c7f97a83ca513dd83f2f3e818a461c2063987d13daa90fe27bf7a61bb5df [stream]
[debug] [2021-05-25T14:25:48.541Z] [uploadQueue] Retrying task 3dbd90aeae81c206ac2972803a4257a3c43ca21318c2963b9834649697c69b86
[debug] [2021-05-25T14:25:48.543Z] >>> [apiv2][query] POST https://upload-firebasehosting.googleapis.com/upload/sites/rishav-chanda/versions/5f62da31ac018dd2/files/3dbd90aeae81c206ac2972803a4257a3c43ca21318c2963b9834649697c69b86 [none]
[debug] [2021-05-25T14:25:48.543Z] >>> [apiv2][body] POST https://upload-firebasehosting.googleapis.com/upload/sites/rishav-chanda/versions/5f62da31ac018dd2/files/3dbd90aeae81c206ac2972803a4257a3c43ca21318c2963b9834649697c69b86 [stream]
[debug] [2021-05-25T14:26:01.933Z] [uploadQueue] Retrying task 8573c7f97a83ca513dd83f2f3e818a461c2063987d13daa90fe27bf7a61bb5df
[debug] [2021-05-25T14:26:01.934Z] >>> [apiv2][query] POST https://upload-firebasehosting.googleapis.com/upload/sites/rishav-chanda/versions/5f62da31ac018dd2/files/8573c7f97a83ca513dd83f2f3e818a461c2063987d13daa90fe27bf7a61bb5df [none]
[debug] [2021-05-25T14:26:01.935Z] >>> [apiv2][body] POST https://upload-firebasehosting.googleapis.com/upload/sites/rishav-chanda/versions/5f62da31ac018dd2/files/8573c7f97a83ca513dd83f2f3e818a461c2063987d13daa90fe27bf7a61bb5df [stream]
